2023-08-11T09:28:58.738+02:00  INFO 11480 --- [restartedMain] c.e.b.Block5LoggingApplication           : Starting Block5LoggingApplication using Java 17.0.8 with PID 11480 (C:\Users\sergio.tblanca\Documents\SpringBoot\Bloque5\block5-logging\target\classes started by sergio.tblanca in C:\Users\sergio.tblanca\Documents\SpringBoot\Bloque5\block5-logging)
2023-08-11T09:28:58.741+02:00  INFO 11480 --- [restartedMain] c.e.b.Block5LoggingApplication           : No active profile set, falling back to 1 default profile: "default"
2023-08-11T09:28:58.802+02:00  INFO 11480 --- [restartedMain] .e.DevToolsPropertyDefaultsPostProcessor : Devtools property defaults active! Set 'spring.devtools.add-properties' to 'false' to disable
2023-08-11T09:28:58.813+02:00  INFO 11480 --- [restartedMain] .e.DevToolsPropertyDefaultsPostProcessor : For additional web related logging consider setting the 'logging.level.web' property to 'DEBUG'
2023-08-11T09:28:59.815+02:00  INFO 11480 --- [restartedMain] o.s.b.w.embedded.tomcat.TomcatWebServer  : Tomcat initialized with port(s): 8080 (http)
2023-08-11T09:28:59.824+02:00  INFO 11480 --- [restartedMain] o.apache.catalina.core.StandardService   : Starting service [Tomcat]
2023-08-11T09:28:59.824+02:00  INFO 11480 --- [restartedMain] o.apache.catalina.core.StandardEngine    : Starting Servlet engine: [Apache Tomcat/10.1.11]
2023-08-11T09:28:59.885+02:00  INFO 11480 --- [restartedMain] o.a.c.c.C.[Tomcat].[localhost].[/]       : Initializing Spring embedded WebApplicationContext
2023-08-11T09:28:59.885+02:00  INFO 11480 --- [restartedMain] w.s.c.ServletWebServerApplicationContext : Root WebApplicationContext: initialization completed in 1071 ms
2023-08-11T09:29:00.271+02:00  INFO 11480 --- [restartedMain] o.s.b.d.a.OptionalLiveReloadServer       : LiveReload server is running on port 35729
2023-08-11T09:29:00.305+02:00  INFO 11480 --- [restartedMain] o.s.b.w.embedded.tomcat.TomcatWebServer  : Tomcat started on port(s): 8080 (http) with context path ''
2023-08-11T09:29:00.314+02:00  INFO 11480 --- [restartedMain] c.e.b.Block5LoggingApplication           : Started Block5LoggingApplication in 2.01 seconds (process running for 2.404)
2023-08-11T09:29:00.316+02:00  INFO 11480 --- [restartedMain] c.e.b.Block5LoggingApplication           : Mensaje a nivel de INFO
2023-08-11T09:29:00.316+02:00  WARN 11480 --- [restartedMain] c.e.b.Block5LoggingApplication           : Mensaje a nivel de WARNING
2023-08-11T09:29:57.951+02:00  INFO 5812 --- [restartedMain] c.e.b.Block5LoggingApplication           : Starting Block5LoggingApplication using Java 17.0.8 with PID 5812 (C:\Users\sergio.tblanca\Documents\SpringBoot\Bloque5\block5-logging\target\classes started by sergio.tblanca in C:\Users\sergio.tblanca\Documents\SpringBoot\Bloque5\block5-logging)
2023-08-11T09:29:57.954+02:00  INFO 5812 --- [restartedMain] c.e.b.Block5LoggingApplication           : No active profile set, falling back to 1 default profile: "default"
2023-08-11T09:29:58.012+02:00  INFO 5812 --- [restartedMain] .e.DevToolsPropertyDefaultsPostProcessor : Devtools property defaults active! Set 'spring.devtools.add-properties' to 'false' to disable
2023-08-11T09:29:58.013+02:00  INFO 5812 --- [restartedMain] .e.DevToolsPropertyDefaultsPostProcessor : For additional web related logging consider setting the 'logging.level.web' property to 'DEBUG'
2023-08-11T09:29:59.083+02:00  INFO 5812 --- [restartedMain] o.s.b.w.embedded.tomcat.TomcatWebServer  : Tomcat initialized with port(s): 8080 (http)
2023-08-11T09:29:59.092+02:00  INFO 5812 --- [restartedMain] o.apache.catalina.core.StandardService   : Starting service [Tomcat]
2023-08-11T09:29:59.092+02:00  INFO 5812 --- [restartedMain] o.apache.catalina.core.StandardEngine    : Starting Servlet engine: [Apache Tomcat/10.1.11]
2023-08-11T09:29:59.145+02:00  INFO 5812 --- [restartedMain] o.a.c.c.C.[Tomcat].[localhost].[/]       : Initializing Spring embedded WebApplicationContext
2023-08-11T09:29:59.146+02:00  INFO 5812 --- [restartedMain] w.s.c.ServletWebServerApplicationContext : Root WebApplicationContext: initialization completed in 1131 ms
2023-08-11T09:29:59.536+02:00  INFO 5812 --- [restartedMain] o.s.b.d.a.OptionalLiveReloadServer       : LiveReload server is running on port 35729
2023-08-11T09:29:59.570+02:00  INFO 5812 --- [restartedMain] o.s.b.w.embedded.tomcat.TomcatWebServer  : Tomcat started on port(s): 8080 (http) with context path ''
2023-08-11T09:29:59.578+02:00  INFO 5812 --- [restartedMain] c.e.b.Block5LoggingApplication           : Started Block5LoggingApplication in 2.039 seconds (process running for 2.424)
2023-08-11T09:29:59.580+02:00  INFO 5812 --- [restartedMain] c.e.b.Block5LoggingApplication           : Mensaje a nivel de INFO
2023-08-11T09:29:59.580+02:00  WARN 5812 --- [restartedMain] c.e.b.Block5LoggingApplication           : Mensaje a nivel de WARNING
2023-08-11T09:29:59.580+02:00 ERROR 5812 --- [restartedMain] c.e.b.Block5LoggingApplication           : Mensaje de error
09:36:58.140 [restartedMain] ERROR c.e.b.Block5LoggingApplication - Mensaje de error
